<?xml version="1.0" encoding="UTF-8"?>
<testsuite xmlns:xsi="http://www.w3.org/2001/XMLSchema-instance" xsi:noNamespaceSchemaLocation="https://maven.apache.org/surefire/maven-surefire-plugin/xsd/surefire-test-report-3.0.xsd" version="3.0" name="com.gcash.AccountRepositoryTest" time="0.142" tests="4" errors="0" skipped="0" failures="0">
  <properties>
[...]
</properties>
  <testcase name="successfulAccountDeletionTest" classname="com.gcash.AccountRepositoryTest" time="0.113"/>
  <testcase name="successfulGetNumberOfAccounts" classname="com.gcash.AccountRepositoryTest" time="0.003"/>
  <testcase name="getAccountTest" classname="com.gcash.AccountRepositoryTest" time="0.0"/>
  <testcase name="successfulAccountCreationTest" classname="com.gcash.AccountRepositoryTest" time="0.0"/>
</testsuite>